
Matrix1: 6 x 8
----------------------------------------------------------------------
      64     -79      -5      81      22      86       1      46
     -79      19      33     -90     -83      61     -68      31
      44     -53     -41      65      17     -49     -15     -97
      65     -28     -20      20     -63     -72      75      77
     -51     -53      35      47     -67     -63     -30     -47
      32     -97     -61      48      40     -52     -43     -16

Matrix2: 8 x 6
----------------------------------------------------------------------
     -89     -35      69      46     -87      27
     -99     -51     -81      64      49     -74
      64      34     -12     -42      45     -68
      86      -1      90     -95      79     -18
     -38     -18      76       9      73     -21
     -56      83      21      89       6      33
      17       6      59      12     -53       8
      37     -89     -57     -97     -54      87

Matrix3: 6 x 6
----------------------------------------------------------------------
    4838    4192   19080   -6195   -3680   12842
    -749    6398  -26292    5605   -1584    1746
    2551    3874   18578    -800    3845   -3805
    7977  -12792    2529  -13406  -19511   11073
   19893    5611    -922  -13684    5987   -5682
    7048   -2165   15440   -9966    -739    7034

